INFO main org.quartz.impl.StdSchedulerFactory - Using default implementation for ThreadExecutor
INFO main org.quartz.simpl.SimpleThreadPool - Job execution threads will use class loader of thread: main
INFO main org.quartz.core.SchedulerSignalerImpl - Initialized Scheduler Signaller of type: class org.quartz.core.SchedulerSignalerImpl
INFO main org.quartz.core.QuartzScheduler - Quartz Scheduler v.2.2.3 created.
INFO main org.quartz.simpl.RAMJobStore - RAMJobStore initialized.
INFO main org.quartz.core.QuartzScheduler - Scheduler meta-data: Quartz Scheduler (v2.2.3) 'DefaultQuartzScheduler' with instanceId 'NON_CLUSTERED'
  Scheduler class: 'org.quartz.core.QuartzScheduler' - running locally.
  NOT STARTED.
  Currently in standby mode.
  Number of jobs executed: 0
  Using thread pool 'org.quartz.simpl.SimpleThreadPool' - with 10 threads.
  Using job-store 'org.quartz.simpl.RAMJobStore' - which does not support persistence. and is not clustered.

INFO main org.quartz.impl.StdSchedulerFactory - Quartz scheduler 'DefaultQuartzScheduler' initialized from default resource file in Quartz package: 'quartz.properties'
INFO main org.quartz.impl.StdSchedulerFactory - Quartz scheduler version: 2.2.3
INFO main org.quartz.impl.StdSchedulerFactory - Using default implementation for ThreadExecutor
INFO main org.quartz.core.SchedulerSignalerImpl - Initialized Scheduler Signaller of type: class org.quartz.core.SchedulerSignalerImpl
INFO main org.quartz.core.QuartzScheduler - Quartz Scheduler v.2.2.3 created.
INFO main org.quartz.simpl.RAMJobStore - RAMJobStore initialized.
INFO main org.quartz.core.QuartzScheduler - Scheduler meta-data: Quartz Scheduler (v2.2.3) 'MyScheduler' with instanceId 'NON_CLUSTERED'
  Scheduler class: 'org.quartz.core.QuartzScheduler' - running locally.
  NOT STARTED.
  Currently in standby mode.
  Number of jobs executed: 0
  Using thread pool 'org.quartz.simpl.SimpleThreadPool' - with 3 threads.
  Using job-store 'org.quartz.simpl.RAMJobStore' - which does not support persistence. and is not clustered.

INFO main org.quartz.impl.StdSchedulerFactory - Quartz scheduler 'MyScheduler' initialized from default resource file in Quartz package: 'quartz.properties'
INFO main org.quartz.impl.StdSchedulerFactory - Quartz scheduler version: 2.2.3
INFO main org.quartz.impl.StdSchedulerFactory - Using default implementation for ThreadExecutor
INFO main org.quartz.core.SchedulerSignalerImpl - Initialized Scheduler Signaller of type: class org.quartz.core.SchedulerSignalerImpl
INFO main org.quartz.core.QuartzScheduler - Quartz Scheduler v.2.2.3 created.
INFO main org.quartz.simpl.RAMJobStore - RAMJobStore initialized.
INFO main org.quartz.core.QuartzScheduler - Scheduler meta-data: Quartz Scheduler (v2.2.3) 'MyScheduler' with instanceId 'NON_CLUSTERED'
  Scheduler class: 'org.quartz.core.QuartzScheduler' - running locally.
  NOT STARTED.
  Currently in standby mode.
  Number of jobs executed: 0
  Using thread pool 'org.quartz.simpl.SimpleThreadPool' - with 3 threads.
  Using job-store 'org.quartz.simpl.RAMJobStore' - which does not support persistence. and is not clustered.

INFO main org.quartz.impl.StdSchedulerFactory - Quartz scheduler 'MyScheduler' initialized from default resource file in Quartz package: 'quartz.properties'
INFO main org.quartz.impl.StdSchedulerFactory - Quartz scheduler version: 2.2.3
INFO main org.quartz.impl.StdSchedulerFactory - Using default implementation for ThreadExecutor
INFO main org.quartz.core.SchedulerSignalerImpl - Initialized Scheduler Signaller of type: class org.quartz.core.SchedulerSignalerImpl
INFO main org.quartz.core.QuartzScheduler - Quartz Scheduler v.2.2.3 created.
INFO main org.quartz.simpl.RAMJobStore - RAMJobStore initialized.
INFO main org.quartz.core.QuartzScheduler - Scheduler meta-data: Quartz Scheduler (v2.2.3) 'MyScheduler' with instanceId 'NON_CLUSTERED'
  Scheduler class: 'org.quartz.core.QuartzScheduler' - running locally.
  NOT STARTED.
  Currently in standby mode.
  Number of jobs executed: 0
  Using thread pool 'org.quartz.simpl.SimpleThreadPool' - with 3 threads.
  Using job-store 'org.quartz.simpl.RAMJobStore' - which does not support persistence. and is not clustered.

INFO main org.quartz.impl.StdSchedulerFactory - Quartz scheduler 'MyScheduler' initialized from default resource file in Quartz package: 'quartz.properties'
INFO main org.quartz.impl.StdSchedulerFactory - Quartz scheduler version: 2.2.3
INFO main org.quartz.impl.StdSchedulerFactory - Using default implementation for ThreadExecutor
INFO main org.quartz.core.SchedulerSignalerImpl - Initialized Scheduler Signaller of type: class org.quartz.core.SchedulerSignalerImpl
INFO main org.quartz.core.QuartzScheduler - Quartz Scheduler v.2.2.3 created.
INFO main org.quartz.simpl.RAMJobStore - RAMJobStore initialized.
INFO main org.quartz.core.QuartzScheduler - Scheduler meta-data: Quartz Scheduler (v2.2.3) 'MyScheduler' with instanceId 'NON_CLUSTERED'
  Scheduler class: 'org.quartz.core.QuartzScheduler' - running locally.
  NOT STARTED.
  Currently in standby mode.
  Number of jobs executed: 0
  Using thread pool 'org.quartz.simpl.SimpleThreadPool' - with 3 threads.
  Using job-store 'org.quartz.simpl.RAMJobStore' - which does not support persistence. and is not clustered.

INFO main org.quartz.impl.StdSchedulerFactory - Quartz scheduler 'MyScheduler' initialized from default resource file in Quartz package: 'quartz.properties'
INFO main org.quartz.impl.StdSchedulerFactory - Quartz scheduler version: 2.2.3
INFO main org.quartz.impl.StdSchedulerFactory - Using default implementation for ThreadExecutor
INFO main org.quartz.core.SchedulerSignalerImpl - Initialized Scheduler Signaller of type: class org.quartz.core.SchedulerSignalerImpl
INFO main org.quartz.core.QuartzScheduler - Quartz Scheduler v.2.2.3 created.
INFO main org.quartz.simpl.RAMJobStore - RAMJobStore initialized.
INFO main org.quartz.core.QuartzScheduler - Scheduler meta-data: Quartz Scheduler (v2.2.3) 'MyScheduler' with instanceId 'NON_CLUSTERED'
  Scheduler class: 'org.quartz.core.QuartzScheduler' - running locally.
  NOT STARTED.
  Currently in standby mode.
  Number of jobs executed: 0
  Using thread pool 'org.quartz.simpl.SimpleThreadPool' - with 3 threads.
  Using job-store 'org.quartz.simpl.RAMJobStore' - which does not support persistence. and is not clustered.

INFO main org.quartz.impl.StdSchedulerFactory - Quartz scheduler 'MyScheduler' initialized from default resource file in Quartz package: 'quartz.properties'
INFO main org.quartz.impl.StdSchedulerFactory - Quartz scheduler version: 2.2.3
INFO main org.quartz.impl.StdSchedulerFactory - Using default implementation for ThreadExecutor
INFO main org.quartz.core.SchedulerSignalerImpl - Initialized Scheduler Signaller of type: class org.quartz.core.SchedulerSignalerImpl
INFO main org.quartz.core.QuartzScheduler - Quartz Scheduler v.2.2.3 created.
INFO main org.quartz.simpl.RAMJobStore - RAMJobStore initialized.
INFO main org.quartz.core.QuartzScheduler - Scheduler meta-data: Quartz Scheduler (v2.2.3) 'MyScheduler' with instanceId 'NON_CLUSTERED'
  Scheduler class: 'org.quartz.core.QuartzScheduler' - running locally.
  NOT STARTED.
  Currently in standby mode.
  Number of jobs executed: 0
  Using thread pool 'org.quartz.simpl.SimpleThreadPool' - with 3 threads.
  Using job-store 'org.quartz.simpl.RAMJobStore' - which does not support persistence. and is not clustered.

INFO main org.quartz.impl.StdSchedulerFactory - Quartz scheduler 'MyScheduler' initialized from default resource file in Quartz package: 'quartz.properties'
INFO main org.quartz.impl.StdSchedulerFactory - Quartz scheduler version: 2.2.3
INFO main org.quartz.impl.StdSchedulerFactory - Using default implementation for ThreadExecutor
INFO main org.quartz.core.SchedulerSignalerImpl - Initialized Scheduler Signaller of type: class org.quartz.core.SchedulerSignalerImpl
INFO main org.quartz.core.QuartzScheduler - Quartz Scheduler v.2.2.3 created.
INFO main org.quartz.simpl.RAMJobStore - RAMJobStore initialized.
INFO main org.quartz.core.QuartzScheduler - Scheduler meta-data: Quartz Scheduler (v2.2.3) 'MyScheduler' with instanceId 'NON_CLUSTERED'
  Scheduler class: 'org.quartz.core.QuartzScheduler' - running locally.
  NOT STARTED.
  Currently in standby mode.
  Number of jobs executed: 0
  Using thread pool 'org.quartz.simpl.SimpleThreadPool' - with 1 threads.
  Using job-store 'org.quartz.simpl.RAMJobStore' - which does not support persistence. and is not clustered.

INFO main org.quartz.impl.StdSchedulerFactory - Quartz scheduler 'MyScheduler' initialized from default resource file in Quartz package: 'quartz.properties'
INFO main org.quartz.impl.StdSchedulerFactory - Quartz scheduler version: 2.2.3
INFO main org.quartz.impl.StdSchedulerFactory - Using default implementation for ThreadExecutor
INFO main org.quartz.core.SchedulerSignalerImpl - Initialized Scheduler Signaller of type: class org.quartz.core.SchedulerSignalerImpl
INFO main org.quartz.core.QuartzScheduler - Quartz Scheduler v.2.2.3 created.
INFO main org.quartz.simpl.RAMJobStore - RAMJobStore initialized.
INFO main org.quartz.core.QuartzScheduler - Scheduler meta-data: Quartz Scheduler (v2.2.3) 'MyScheduler' with instanceId 'NON_CLUSTERED'
  Scheduler class: 'org.quartz.core.QuartzScheduler' - running locally.
  NOT STARTED.
  Currently in standby mode.
  Number of jobs executed: 0
  Using thread pool 'org.quartz.simpl.SimpleThreadPool' - with 1 threads.
  Using job-store 'org.quartz.simpl.RAMJobStore' - which does not support persistence. and is not clustered.

INFO main org.quartz.impl.StdSchedulerFactory - Quartz scheduler 'MyScheduler' initialized from default resource file in Quartz package: 'quartz.properties'
INFO main org.quartz.impl.StdSchedulerFactory - Quartz scheduler version: 2.2.3
INFO main org.quartz.core.QuartzScheduler - Scheduler MyScheduler_$_NON_CLUSTERED started.
DEBUG MyScheduler_QuartzSchedulerThread org.quartz.core.QuartzSchedulerThread - batch acquisition of 1 triggers
DEBUG MyScheduler_QuartzSchedulerThread org.quartz.simpl.PropertySettingJobFactory - Producing instance of Job 'group1.myJob', class=com.zkg.thread.QuartzDemo$MyJob
ERROR MyScheduler_QuartzSchedulerThread org.quartz.core.ErrorLogger - An error occured instantiating job to be executed. job= 'group1.myJob'
org.quartz.SchedulerException: Problem instantiating class 'com.zkg.thread.QuartzDemo$MyJob' [See nested exception: java.lang.InstantiationException: com.zkg.thread.QuartzDemo$MyJob]
	at org.quartz.simpl.SimpleJobFactory.newJob(SimpleJobFactory.java:58)
	at org.quartz.simpl.PropertySettingJobFactory.newJob(PropertySettingJobFactory.java:69)
	at org.quartz.core.JobRunShell.initialize(JobRunShell.java:127)
	at org.quartz.core.QuartzSchedulerThread.run(QuartzSchedulerThread.java:375)
Caused by: java.lang.InstantiationException: com.zkg.thread.QuartzDemo$MyJob
	at java.lang.Class.newInstance(Class.java:427)
	at org.quartz.simpl.SimpleJobFactory.newJob(SimpleJobFactory.java:56)
	... 3 more
Caused by: java.lang.NoSuchMethodException: com.zkg.thread.QuartzDemo$MyJob.<init>()
	at java.lang.Class.getConstructor0(Class.java:3082)
	at java.lang.Class.newInstance(Class.java:412)
	... 4 more
INFO MyScheduler_QuartzSchedulerThread org.quartz.simpl.RAMJobStore - All triggers of Job group1.myJob set to ERROR state.
DEBUG MyScheduler_QuartzSchedulerThread org.quartz.core.QuartzSchedulerThread - batch acquisition of 0 triggers
DEBUG MyScheduler_QuartzSchedulerThread org.quartz.core.QuartzSchedulerThread - batch acquisition of 0 triggers
INFO main org.quartz.impl.StdSchedulerFactory - Using default implementation for ThreadExecutor
INFO main org.quartz.core.SchedulerSignalerImpl - Initialized Scheduler Signaller of type: class org.quartz.core.SchedulerSignalerImpl
INFO main org.quartz.core.QuartzScheduler - Quartz Scheduler v.2.2.3 created.
INFO main org.quartz.simpl.RAMJobStore - RAMJobStore initialized.
INFO main org.quartz.core.QuartzScheduler - Scheduler meta-data: Quartz Scheduler (v2.2.3) 'MyScheduler' with instanceId 'NON_CLUSTERED'
  Scheduler class: 'org.quartz.core.QuartzScheduler' - running locally.
  NOT STARTED.
  Currently in standby mode.
  Number of jobs executed: 0
  Using thread pool 'org.quartz.simpl.SimpleThreadPool' - with 1 threads.
  Using job-store 'org.quartz.simpl.RAMJobStore' - which does not support persistence. and is not clustered.

INFO main org.quartz.impl.StdSchedulerFactory - Quartz scheduler 'MyScheduler' initialized from default resource file in Quartz package: 'quartz.properties'
INFO main org.quartz.impl.StdSchedulerFactory - Quartz scheduler version: 2.2.3
INFO main org.quartz.core.QuartzScheduler - Scheduler MyScheduler_$_NON_CLUSTERED started.
DEBUG MyScheduler_QuartzSchedulerThread org.quartz.core.QuartzSchedulerThread - batch acquisition of 1 triggers
DEBUG MyScheduler_QuartzSchedulerThread org.quartz.simpl.PropertySettingJobFactory - Producing instance of Job 'group1.myJob', class=com.zkg.thread.MyJob
DEBUG MyScheduler_Worker-1 org.quartz.core.JobRunShell - Calling execute on job group1.myJob
DEBUG MyScheduler_QuartzSchedulerThread org.quartz.core.QuartzSchedulerThread - batch acquisition of 1 triggers
DEBUG MyScheduler_QuartzSchedulerThread org.quartz.simpl.PropertySettingJobFactory - Producing instance of Job 'group1.myJob', class=com.zkg.thread.MyJob
DEBUG MyScheduler_Worker-1 org.quartz.core.JobRunShell - Calling execute on job group1.myJob
DEBUG MyScheduler_QuartzSchedulerThread org.quartz.core.QuartzSchedulerThread - batch acquisition of 1 triggers
DEBUG MyScheduler_QuartzSchedulerThread org.quartz.simpl.PropertySettingJobFactory - Producing instance of Job 'group1.myJob', class=com.zkg.thread.MyJob
DEBUG MyScheduler_Worker-1 org.quartz.core.JobRunShell - Calling execute on job group1.myJob
DEBUG MyScheduler_QuartzSchedulerThread org.quartz.core.QuartzSchedulerThread - batch acquisition of 1 triggers
DEBUG MyScheduler_QuartzSchedulerThread org.quartz.simpl.PropertySettingJobFactory - Producing instance of Job 'group1.myJob', class=com.zkg.thread.MyJob
DEBUG MyScheduler_Worker-1 org.quartz.core.JobRunShell - Calling execute on job group1.myJob
DEBUG MyScheduler_QuartzSchedulerThread org.quartz.core.QuartzSchedulerThread - batch acquisition of 1 triggers
DEBUG MyScheduler_QuartzSchedulerThread org.quartz.simpl.PropertySettingJobFactory - Producing instance of Job 'group1.myJob', class=com.zkg.thread.MyJob
DEBUG MyScheduler_Worker-1 org.quartz.core.JobRunShell - Calling execute on job group1.myJob
DEBUG MyScheduler_QuartzSchedulerThread org.quartz.core.QuartzSchedulerThread - batch acquisition of 1 triggers
DEBUG MyScheduler_QuartzSchedulerThread org.quartz.simpl.PropertySettingJobFactory - Producing instance of Job 'group1.myJob', class=com.zkg.thread.MyJob
DEBUG MyScheduler_Worker-1 org.quartz.core.JobRunShell - Calling execute on job group1.myJob
DEBUG MyScheduler_QuartzSchedulerThread org.quartz.core.QuartzSchedulerThread - batch acquisition of 1 triggers
DEBUG MyScheduler_QuartzSchedulerThread org.quartz.simpl.PropertySettingJobFactory - Producing instance of Job 'group1.myJob', class=com.zkg.thread.MyJob
DEBUG MyScheduler_Worker-1 org.quartz.core.JobRunShell - Calling execute on job group1.myJob
DEBUG MyScheduler_QuartzSchedulerThread org.quartz.core.QuartzSchedulerThread - batch acquisition of 1 triggers
DEBUG MyScheduler_QuartzSchedulerThread org.quartz.simpl.PropertySettingJobFactory - Producing instance of Job 'group1.myJob', class=com.zkg.thread.MyJob
DEBUG MyScheduler_Worker-1 org.quartz.core.JobRunShell - Calling execute on job group1.myJob
DEBUG MyScheduler_QuartzSchedulerThread org.quartz.core.QuartzSchedulerThread - batch acquisition of 1 triggers
INFO main org.quartz.impl.StdSchedulerFactory - Using default implementation for ThreadExecutor
INFO main org.quartz.core.SchedulerSignalerImpl - Initialized Scheduler Signaller of type: class org.quartz.core.SchedulerSignalerImpl
INFO main org.quartz.core.QuartzScheduler - Quartz Scheduler v.2.2.3 created.
INFO main org.quartz.simpl.RAMJobStore - RAMJobStore initialized.
INFO main org.quartz.core.QuartzScheduler - Scheduler meta-data: Quartz Scheduler (v2.2.3) 'MyScheduler' with instanceId 'NON_CLUSTERED'
  Scheduler class: 'org.quartz.core.QuartzScheduler' - running locally.
  NOT STARTED.
  Currently in standby mode.
  Number of jobs executed: 0
  Using thread pool 'org.quartz.simpl.SimpleThreadPool' - with 1 threads.
  Using job-store 'org.quartz.simpl.RAMJobStore' - which does not support persistence. and is not clustered.

INFO main org.quartz.impl.StdSchedulerFactory - Quartz scheduler 'MyScheduler' initialized from default resource file in Quartz package: 'quartz.properties'
INFO main org.quartz.impl.StdSchedulerFactory - Quartz scheduler version: 2.2.3
INFO main org.quartz.core.QuartzScheduler - Scheduler MyScheduler_$_NON_CLUSTERED started.
DEBUG MyScheduler_QuartzSchedulerThread org.quartz.core.QuartzSchedulerThread - batch acquisition of 1 triggers
DEBUG MyScheduler_QuartzSchedulerThread org.quartz.simpl.PropertySettingJobFactory - Producing instance of Job 'group1.myJob', class=com.zkg.thread.MyJob
DEBUG MyScheduler_Worker-1 org.quartz.core.JobRunShell - Calling execute on job group1.myJob
DEBUG MyScheduler_QuartzSchedulerThread org.quartz.core.QuartzSchedulerThread - batch acquisition of 1 triggers
DEBUG MyScheduler_QuartzSchedulerThread org.quartz.simpl.PropertySettingJobFactory - Producing instance of Job 'group1.myJob', class=com.zkg.thread.MyJob
DEBUG MyScheduler_Worker-1 org.quartz.core.JobRunShell - Calling execute on job group1.myJob
DEBUG MyScheduler_QuartzSchedulerThread org.quartz.core.QuartzSchedulerThread - batch acquisition of 1 triggers
DEBUG MyScheduler_QuartzSchedulerThread org.quartz.simpl.PropertySettingJobFactory - Producing instance of Job 'group1.myJob', class=com.zkg.thread.MyJob
DEBUG MyScheduler_Worker-1 org.quartz.core.JobRunShell - Calling execute on job group1.myJob
DEBUG MyScheduler_QuartzSchedulerThread org.quartz.core.QuartzSchedulerThread - batch acquisition of 1 triggers
DEBUG MyScheduler_QuartzSchedulerThread org.quartz.simpl.PropertySettingJobFactory - Producing instance of Job 'group1.myJob', class=com.zkg.thread.MyJob
DEBUG MyScheduler_Worker-1 org.quartz.core.JobRunShell - Calling execute on job group1.myJob
DEBUG MyScheduler_QuartzSchedulerThread org.quartz.core.QuartzSchedulerThread - batch acquisition of 1 triggers
DEBUG MyScheduler_QuartzSchedulerThread org.quartz.simpl.PropertySettingJobFactory - Producing instance of Job 'group1.myJob', class=com.zkg.thread.MyJob
DEBUG MyScheduler_Worker-1 org.quartz.core.JobRunShell - Calling execute on job group1.myJob
DEBUG MyScheduler_QuartzSchedulerThread org.quartz.core.QuartzSchedulerThread - batch acquisition of 1 triggers
DEBUG MyScheduler_QuartzSchedulerThread org.quartz.simpl.PropertySettingJobFactory - Producing instance of Job 'group1.myJob', class=com.zkg.thread.MyJob
DEBUG MyScheduler_Worker-1 org.quartz.core.JobRunShell - Calling execute on job group1.myJob
DEBUG MyScheduler_QuartzSchedulerThread org.quartz.core.QuartzSchedulerThread - batch acquisition of 0 triggers
INFO main org.quartz.impl.StdSchedulerFactory - Using default implementation for ThreadExecutor
INFO main org.quartz.core.SchedulerSignalerImpl - Initialized Scheduler Signaller of type: class org.quartz.core.SchedulerSignalerImpl
INFO main org.quartz.core.QuartzScheduler - Quartz Scheduler v.2.2.3 created.
INFO main org.quartz.simpl.RAMJobStore - RAMJobStore initialized.
INFO main org.quartz.core.QuartzScheduler - Scheduler meta-data: Quartz Scheduler (v2.2.3) 'MyScheduler' with instanceId 'NON_CLUSTERED'
  Scheduler class: 'org.quartz.core.QuartzScheduler' - running locally.
  NOT STARTED.
  Currently in standby mode.
  Number of jobs executed: 0
  Using thread pool 'org.quartz.simpl.SimpleThreadPool' - with 1 threads.
  Using job-store 'org.quartz.simpl.RAMJobStore' - which does not support persistence. and is not clustered.

INFO main org.quartz.impl.StdSchedulerFactory - Quartz scheduler 'MyScheduler' initialized from default resource file in Quartz package: 'quartz.properties'
INFO main org.quartz.impl.StdSchedulerFactory - Quartz scheduler version: 2.2.3
INFO main org.quartz.core.QuartzScheduler - Scheduler MyScheduler_$_NON_CLUSTERED started.
DEBUG MyScheduler_QuartzSchedulerThread org.quartz.core.QuartzSchedulerThread - batch acquisition of 1 triggers
DEBUG MyScheduler_QuartzSchedulerThread org.quartz.simpl.PropertySettingJobFactory - Producing instance of Job 'group1.myJob', class=com.zkg.thread.MyJob
DEBUG MyScheduler_Worker-1 org.quartz.core.JobRunShell - Calling execute on job group1.myJob
DEBUG MyScheduler_QuartzSchedulerThread org.quartz.core.QuartzSchedulerThread - batch acquisition of 1 triggers
DEBUG MyScheduler_QuartzSchedulerThread org.quartz.simpl.PropertySettingJobFactory - Producing instance of Job 'group1.myJob', class=com.zkg.thread.MyJob
DEBUG MyScheduler_Worker-1 org.quartz.core.JobRunShell - Calling execute on job group1.myJob
DEBUG MyScheduler_QuartzSchedulerThread org.quartz.core.QuartzSchedulerThread - batch acquisition of 1 triggers
DEBUG MyScheduler_QuartzSchedulerThread org.quartz.simpl.PropertySettingJobFactory - Producing instance of Job 'group1.myJob', class=com.zkg.thread.MyJob
DEBUG MyScheduler_Worker-1 org.quartz.core.JobRunShell - Calling execute on job group1.myJob
DEBUG MyScheduler_QuartzSchedulerThread org.quartz.core.QuartzSchedulerThread - batch acquisition of 1 triggers
DEBUG MyScheduler_QuartzSchedulerThread org.quartz.simpl.PropertySettingJobFactory - Producing instance of Job 'group1.myJob', class=com.zkg.thread.MyJob
DEBUG MyScheduler_Worker-1 org.quartz.core.JobRunShell - Calling execute on job group1.myJob
DEBUG MyScheduler_QuartzSchedulerThread org.quartz.core.QuartzSchedulerThread - batch acquisition of 1 triggers
DEBUG MyScheduler_QuartzSchedulerThread org.quartz.simpl.PropertySettingJobFactory - Producing instance of Job 'group1.myJob', class=com.zkg.thread.MyJob
DEBUG MyScheduler_Worker-1 org.quartz.core.JobRunShell - Calling execute on job group1.myJob
DEBUG MyScheduler_QuartzSchedulerThread org.quartz.core.QuartzSchedulerThread - batch acquisition of 1 triggers
DEBUG MyScheduler_QuartzSchedulerThread org.quartz.simpl.PropertySettingJobFactory - Producing instance of Job 'group1.myJob', class=com.zkg.thread.MyJob
DEBUG MyScheduler_Worker-1 org.quartz.core.JobRunShell - Calling execute on job group1.myJob
DEBUG MyScheduler_QuartzSchedulerThread org.quartz.core.QuartzSchedulerThread - batch acquisition of 0 triggers
INFO main org.quartz.impl.StdSchedulerFactory - Using default implementation for ThreadExecutor
INFO main org.quartz.core.SchedulerSignalerImpl - Initialized Scheduler Signaller of type: class org.quartz.core.SchedulerSignalerImpl
INFO main org.quartz.core.QuartzScheduler - Quartz Scheduler v.2.2.3 created.
INFO main org.quartz.simpl.RAMJobStore - RAMJobStore initialized.
INFO main org.quartz.core.QuartzScheduler - Scheduler meta-data: Quartz Scheduler (v2.2.3) 'MyScheduler' with instanceId 'NON_CLUSTERED'
  Scheduler class: 'org.quartz.core.QuartzScheduler' - running locally.
  NOT STARTED.
  Currently in standby mode.
  Number of jobs executed: 0
  Using thread pool 'org.quartz.simpl.SimpleThreadPool' - with 3 threads.
  Using job-store 'org.quartz.simpl.RAMJobStore' - which does not support persistence. and is not clustered.

INFO main org.quartz.impl.StdSchedulerFactory - Quartz scheduler 'MyScheduler' initialized from default resource file in Quartz package: 'quartz.properties'
INFO main org.quartz.impl.StdSchedulerFactory - Quartz scheduler version: 2.2.3
INFO main org.quartz.core.QuartzScheduler - Scheduler MyScheduler_$_NON_CLUSTERED started.
DEBUG MyScheduler_QuartzSchedulerThread org.quartz.core.QuartzSchedulerThread - batch acquisition of 1 triggers
DEBUG MyScheduler_QuartzSchedulerThread org.quartz.simpl.PropertySettingJobFactory - Producing instance of Job 'group1.myJob', class=com.zkg.thread.MyJob
DEBUG MyScheduler_QuartzSchedulerThread org.quartz.core.QuartzSchedulerThread - batch acquisition of 1 triggers
DEBUG MyScheduler_Worker-1 org.quartz.core.JobRunShell - Calling execute on job group1.myJob
DEBUG MyScheduler_QuartzSchedulerThread org.quartz.simpl.PropertySettingJobFactory - Producing instance of Job 'group1.myJob', class=com.zkg.thread.MyJob
DEBUG MyScheduler_QuartzSchedulerThread org.quartz.core.QuartzSchedulerThread - batch acquisition of 1 triggers
DEBUG MyScheduler_Worker-2 org.quartz.core.JobRunShell - Calling execute on job group1.myJob
DEBUG MyScheduler_QuartzSchedulerThread org.quartz.simpl.PropertySettingJobFactory - Producing instance of Job 'group1.myJob', class=com.zkg.thread.MyJob
DEBUG MyScheduler_QuartzSchedulerThread org.quartz.core.QuartzSchedulerThread - batch acquisition of 1 triggers
DEBUG MyScheduler_Worker-3 org.quartz.core.JobRunShell - Calling execute on job group1.myJob
DEBUG MyScheduler_QuartzSchedulerThread org.quartz.simpl.PropertySettingJobFactory - Producing instance of Job 'group1.myJob', class=com.zkg.thread.MyJob
DEBUG MyScheduler_QuartzSchedulerThread org.quartz.core.QuartzSchedulerThread - batch acquisition of 1 triggers
DEBUG MyScheduler_Worker-1 org.quartz.core.JobRunShell - Calling execute on job group1.myJob
DEBUG MyScheduler_QuartzSchedulerThread org.quartz.simpl.PropertySettingJobFactory - Producing instance of Job 'group1.myJob', class=com.zkg.thread.MyJob
DEBUG MyScheduler_QuartzSchedulerThread org.quartz.core.QuartzSchedulerThread - batch acquisition of 1 triggers
DEBUG MyScheduler_Worker-2 org.quartz.core.JobRunShell - Calling execute on job group1.myJob
DEBUG MyScheduler_QuartzSchedulerThread org.quartz.simpl.PropertySettingJobFactory - Producing instance of Job 'group1.myJob', class=com.zkg.thread.MyJob
DEBUG MyScheduler_QuartzSchedulerThread org.quartz.core.QuartzSchedulerThread - batch acquisition of 0 triggers
DEBUG MyScheduler_Worker-3 org.quartz.core.JobRunShell - Calling execute on job group1.myJob
INFO main org.quartz.impl.StdSchedulerFactory - Using default implementation for ThreadExecutor
INFO main org.quartz.core.SchedulerSignalerImpl - Initialized Scheduler Signaller of type: class org.quartz.core.SchedulerSignalerImpl
INFO main org.quartz.core.QuartzScheduler - Quartz Scheduler v.2.2.3 created.
INFO main org.quartz.simpl.RAMJobStore - RAMJobStore initialized.
INFO main org.quartz.core.QuartzScheduler - Scheduler meta-data: Quartz Scheduler (v2.2.3) 'MyScheduler' with instanceId 'NON_CLUSTERED'
  Scheduler class: 'org.quartz.core.QuartzScheduler' - running locally.
  NOT STARTED.
  Currently in standby mode.
  Number of jobs executed: 0
  Using thread pool 'org.quartz.simpl.SimpleThreadPool' - with 3 threads.
  Using job-store 'org.quartz.simpl.RAMJobStore' - which does not support persistence. and is not clustered.

INFO main org.quartz.impl.StdSchedulerFactory - Quartz scheduler 'MyScheduler' initialized from default resource file in Quartz package: 'quartz.properties'
INFO main org.quartz.impl.StdSchedulerFactory - Quartz scheduler version: 2.2.3
INFO main org.quartz.core.QuartzScheduler - Scheduler MyScheduler_$_NON_CLUSTERED started.
DEBUG MyScheduler_QuartzSchedulerThread org.quartz.core.QuartzSchedulerThread - batch acquisition of 1 triggers
DEBUG MyScheduler_QuartzSchedulerThread org.quartz.simpl.PropertySettingJobFactory - Producing instance of Job 'group2.myJob', class=com.zkg.thread.MyJob
DEBUG MyScheduler_QuartzSchedulerThread org.quartz.core.QuartzSchedulerThread - batch acquisition of 1 triggers
DEBUG MyScheduler_Worker-1 org.quartz.core.JobRunShell - Calling execute on job group2.myJob
DEBUG MyScheduler_QuartzSchedulerThread org.quartz.simpl.PropertySettingJobFactory - Producing instance of Job 'group2.myJob', class=com.zkg.thread.MyJob
DEBUG MyScheduler_QuartzSchedulerThread org.quartz.core.QuartzSchedulerThread - batch acquisition of 1 triggers
DEBUG MyScheduler_Worker-2 org.quartz.core.JobRunShell - Calling execute on job group2.myJob
DEBUG MyScheduler_QuartzSchedulerThread org.quartz.simpl.PropertySettingJobFactory - Producing instance of Job 'group2.myJob', class=com.zkg.thread.MyJob
DEBUG MyScheduler_Worker-3 org.quartz.core.JobRunShell - Calling execute on job group2.myJob
DEBUG MyScheduler_QuartzSchedulerThread org.quartz.core.QuartzSchedulerThread - batch acquisition of 1 triggers
DEBUG MyScheduler_QuartzSchedulerThread org.quartz.simpl.PropertySettingJobFactory - Producing instance of Job 'group2.myJob', class=com.zkg.thread.MyJob
DEBUG MyScheduler_Worker-1 org.quartz.core.JobRunShell - Calling execute on job group2.myJob
DEBUG MyScheduler_QuartzSchedulerThread org.quartz.core.QuartzSchedulerThread - batch acquisition of 1 triggers
DEBUG MyScheduler_QuartzSchedulerThread org.quartz.simpl.PropertySettingJobFactory - Producing instance of Job 'group2.myJob', class=com.zkg.thread.MyJob
DEBUG MyScheduler_QuartzSchedulerThread org.quartz.core.QuartzSchedulerThread - batch acquisition of 1 triggers
DEBUG MyScheduler_Worker-2 org.quartz.core.JobRunShell - Calling execute on job group2.myJob
DEBUG MyScheduler_QuartzSchedulerThread org.quartz.simpl.PropertySettingJobFactory - Producing instance of Job 'group2.myJob', class=com.zkg.thread.MyJob
DEBUG MyScheduler_QuartzSchedulerThread org.quartz.core.QuartzSchedulerThread - batch acquisition of 0 triggers
DEBUG MyScheduler_Worker-3 org.quartz.core.JobRunShell - Calling execute on job group2.myJob
INFO main org.quartz.impl.StdSchedulerFactory - Using default implementation for ThreadExecutor
INFO main org.quartz.core.SchedulerSignalerImpl - Initialized Scheduler Signaller of type: class org.quartz.core.SchedulerSignalerImpl
INFO main org.quartz.core.QuartzScheduler - Quartz Scheduler v.2.2.3 created.
INFO main org.quartz.simpl.RAMJobStore - RAMJobStore initialized.
INFO main org.quartz.core.QuartzScheduler - Scheduler meta-data: Quartz Scheduler (v2.2.3) 'MyScheduler' with instanceId 'NON_CLUSTERED'
  Scheduler class: 'org.quartz.core.QuartzScheduler' - running locally.
  NOT STARTED.
  Currently in standby mode.
  Number of jobs executed: 0
  Using thread pool 'org.quartz.simpl.SimpleThreadPool' - with 3 threads.
  Using job-store 'org.quartz.simpl.RAMJobStore' - which does not support persistence. and is not clustered.

INFO main org.quartz.impl.StdSchedulerFactory - Quartz scheduler 'MyScheduler' initialized from default resource file in Quartz package: 'quartz.properties'
INFO main org.quartz.impl.StdSchedulerFactory - Quartz scheduler version: 2.2.3
INFO main org.quartz.core.QuartzScheduler - Scheduler MyScheduler_$_NON_CLUSTERED started.
DEBUG MyScheduler_QuartzSchedulerThread org.quartz.core.QuartzSchedulerThread - batch acquisition of 1 triggers
DEBUG MyScheduler_QuartzSchedulerThread org.quartz.simpl.PropertySettingJobFactory - Producing instance of Job 'group2.myJob', class=com.zkg.thread.MyJob
DEBUG MyScheduler_QuartzSchedulerThread org.quartz.core.QuartzSchedulerThread - batch acquisition of 1 triggers
DEBUG MyScheduler_Worker-1 org.quartz.core.JobRunShell - Calling execute on job group2.myJob
DEBUG MyScheduler_QuartzSchedulerThread org.quartz.simpl.PropertySettingJobFactory - Producing instance of Job 'group2.myJob', class=com.zkg.thread.MyJob
DEBUG MyScheduler_QuartzSchedulerThread org.quartz.core.QuartzSchedulerThread - batch acquisition of 1 triggers
DEBUG MyScheduler_Worker-2 org.quartz.core.JobRunShell - Calling execute on job group2.myJob
DEBUG MyScheduler_QuartzSchedulerThread org.quartz.simpl.PropertySettingJobFactory - Producing instance of Job 'group2.myJob', class=com.zkg.thread.MyJob
DEBUG MyScheduler_QuartzSchedulerThread org.quartz.core.QuartzSchedulerThread - batch acquisition of 1 triggers
DEBUG MyScheduler_Worker-3 org.quartz.core.JobRunShell - Calling execute on job group2.myJob
DEBUG MyScheduler_QuartzSchedulerThread org.quartz.simpl.PropertySettingJobFactory - Producing instance of Job 'group2.myJob', class=com.zkg.thread.MyJob
DEBUG MyScheduler_QuartzSchedulerThread org.quartz.core.QuartzSchedulerThread - batch acquisition of 1 triggers
DEBUG MyScheduler_Worker-1 org.quartz.core.JobRunShell - Calling execute on job group2.myJob
DEBUG MyScheduler_QuartzSchedulerThread org.quartz.simpl.PropertySettingJobFactory - Producing instance of Job 'group2.myJob', class=com.zkg.thread.MyJob
DEBUG MyScheduler_QuartzSchedulerThread org.quartz.core.QuartzSchedulerThread - batch acquisition of 1 triggers
DEBUG MyScheduler_Worker-2 org.quartz.core.JobRunShell - Calling execute on job group2.myJob
DEBUG MyScheduler_QuartzSchedulerThread org.quartz.simpl.PropertySettingJobFactory - Producing instance of Job 'group2.myJob', class=com.zkg.thread.MyJob
DEBUG MyScheduler_QuartzSchedulerThread org.quartz.core.QuartzSchedulerThread - batch acquisition of 0 triggers
DEBUG MyScheduler_Worker-3 org.quartz.core.JobRunShell - Calling execute on job group2.myJob
INFO main org.quartz.impl.StdSchedulerFactory - Using default implementation for ThreadExecutor
INFO main org.quartz.core.SchedulerSignalerImpl - Initialized Scheduler Signaller of type: class org.quartz.core.SchedulerSignalerImpl
INFO main org.quartz.core.QuartzScheduler - Quartz Scheduler v.2.2.3 created.
INFO main org.quartz.simpl.RAMJobStore - RAMJobStore initialized.
INFO main org.quartz.core.QuartzScheduler - Scheduler meta-data: Quartz Scheduler (v2.2.3) 'MyScheduler' with instanceId 'NON_CLUSTERED'
  Scheduler class: 'org.quartz.core.QuartzScheduler' - running locally.
  NOT STARTED.
  Currently in standby mode.
  Number of jobs executed: 0
  Using thread pool 'org.quartz.simpl.SimpleThreadPool' - with 3 threads.
  Using job-store 'org.quartz.simpl.RAMJobStore' - which does not support persistence. and is not clustered.

INFO main org.quartz.impl.StdSchedulerFactory - Quartz scheduler 'MyScheduler' initialized from default resource file in Quartz package: 'quartz.properties'
INFO main org.quartz.impl.StdSchedulerFactory - Quartz scheduler version: 2.2.3
INFO main org.quartz.core.QuartzScheduler - Scheduler MyScheduler_$_NON_CLUSTERED started.
DEBUG MyScheduler_QuartzSchedulerThread org.quartz.core.QuartzSchedulerThread - batch acquisition of 1 triggers
DEBUG MyScheduler_QuartzSchedulerThread org.quartz.simpl.PropertySettingJobFactory - Producing instance of Job 'group2.myJob', class=com.zkg.thread.MyJob
DEBUG MyScheduler_QuartzSchedulerThread org.quartz.core.QuartzSchedulerThread - batch acquisition of 1 triggers
DEBUG MyScheduler_Worker-1 org.quartz.core.JobRunShell - Calling execute on job group2.myJob
DEBUG MyScheduler_QuartzSchedulerThread org.quartz.simpl.PropertySettingJobFactory - Producing instance of Job 'group2.myJob', class=com.zkg.thread.MyJob
DEBUG MyScheduler_QuartzSchedulerThread org.quartz.core.QuartzSchedulerThread - batch acquisition of 1 triggers
DEBUG MyScheduler_Worker-2 org.quartz.core.JobRunShell - Calling execute on job group2.myJob
DEBUG MyScheduler_QuartzSchedulerThread org.quartz.simpl.PropertySettingJobFactory - Producing instance of Job 'group2.myJob', class=com.zkg.thread.MyJob
DEBUG MyScheduler_QuartzSchedulerThread org.quartz.core.QuartzSchedulerThread - batch acquisition of 1 triggers
DEBUG MyScheduler_Worker-3 org.quartz.core.JobRunShell - Calling execute on job group2.myJob
DEBUG MyScheduler_QuartzSchedulerThread org.quartz.simpl.PropertySettingJobFactory - Producing instance of Job 'group2.myJob', class=com.zkg.thread.MyJob
DEBUG MyScheduler_QuartzSchedulerThread org.quartz.core.QuartzSchedulerThread - batch acquisition of 1 triggers
DEBUG MyScheduler_Worker-1 org.quartz.core.JobRunShell - Calling execute on job group2.myJob
DEBUG MyScheduler_QuartzSchedulerThread org.quartz.simpl.PropertySettingJobFactory - Producing instance of Job 'group2.myJob', class=com.zkg.thread.MyJob
DEBUG MyScheduler_QuartzSchedulerThread org.quartz.core.QuartzSchedulerThread - batch acquisition of 1 triggers
DEBUG MyScheduler_Worker-2 org.quartz.core.JobRunShell - Calling execute on job group2.myJob
DEBUG MyScheduler_QuartzSchedulerThread org.quartz.simpl.PropertySettingJobFactory - Producing instance of Job 'group2.myJob', class=com.zkg.thread.MyJob
DEBUG MyScheduler_QuartzSchedulerThread org.quartz.core.QuartzSchedulerThread - batch acquisition of 0 triggers
DEBUG MyScheduler_Worker-3 org.quartz.core.JobRunShell - Calling execute on job group2.myJob
INFO main org.quartz.impl.StdSchedulerFactory - Using default implementation for ThreadExecutor
INFO main org.quartz.core.SchedulerSignalerImpl - Initialized Scheduler Signaller of type: class org.quartz.core.SchedulerSignalerImpl
INFO main org.quartz.core.QuartzScheduler - Quartz Scheduler v.2.2.3 created.
INFO main org.quartz.simpl.RAMJobStore - RAMJobStore initialized.
INFO main org.quartz.core.QuartzScheduler - Scheduler meta-data: Quartz Scheduler (v2.2.3) 'MyScheduler' with instanceId 'NON_CLUSTERED'
  Scheduler class: 'org.quartz.core.QuartzScheduler' - running locally.
  NOT STARTED.
  Currently in standby mode.
  Number of jobs executed: 0
  Using thread pool 'org.quartz.simpl.SimpleThreadPool' - with 3 threads.
  Using job-store 'org.quartz.simpl.RAMJobStore' - which does not support persistence. and is not clustered.

INFO main org.quartz.impl.StdSchedulerFactory - Quartz scheduler 'MyScheduler' initialized from default resource file in Quartz package: 'quartz.properties'
INFO main org.quartz.impl.StdSchedulerFactory - Quartz scheduler version: 2.2.3
INFO main org.quartz.core.QuartzScheduler - Scheduler MyScheduler_$_NON_CLUSTERED started.
DEBUG MyScheduler_QuartzSchedulerThread org.quartz.core.QuartzSchedulerThread - batch acquisition of 1 triggers
DEBUG MyScheduler_QuartzSchedulerThread org.quartz.simpl.PropertySettingJobFactory - Producing instance of Job 'group2.myJob', class=com.zkg.thread.MyJob
DEBUG MyScheduler_QuartzSchedulerThread org.quartz.core.QuartzSchedulerThread - batch acquisition of 1 triggers
DEBUG MyScheduler_Worker-1 org.quartz.core.JobRunShell - Calling execute on job group2.myJob
DEBUG MyScheduler_QuartzSchedulerThread org.quartz.simpl.PropertySettingJobFactory - Producing instance of Job 'group2.myJob', class=com.zkg.thread.MyJob
DEBUG MyScheduler_QuartzSchedulerThread org.quartz.core.QuartzSchedulerThread - batch acquisition of 1 triggers
DEBUG MyScheduler_Worker-2 org.quartz.core.JobRunShell - Calling execute on job group2.myJob
DEBUG MyScheduler_QuartzSchedulerThread org.quartz.simpl.PropertySettingJobFactory - Producing instance of Job 'group2.myJob', class=com.zkg.thread.MyJob
DEBUG MyScheduler_QuartzSchedulerThread org.quartz.core.QuartzSchedulerThread - batch acquisition of 1 triggers
DEBUG MyScheduler_Worker-3 org.quartz.core.JobRunShell - Calling execute on job group2.myJob
DEBUG MyScheduler_QuartzSchedulerThread org.quartz.simpl.PropertySettingJobFactory - Producing instance of Job 'group2.myJob', class=com.zkg.thread.MyJob
DEBUG MyScheduler_QuartzSchedulerThread org.quartz.core.QuartzSchedulerThread - batch acquisition of 1 triggers
DEBUG MyScheduler_Worker-1 org.quartz.core.JobRunShell - Calling execute on job group2.myJob
DEBUG MyScheduler_QuartzSchedulerThread org.quartz.simpl.PropertySettingJobFactory - Producing instance of Job 'group2.myJob', class=com.zkg.thread.MyJob
DEBUG MyScheduler_QuartzSchedulerThread org.quartz.core.QuartzSchedulerThread - batch acquisition of 1 triggers
DEBUG MyScheduler_Worker-2 org.quartz.core.JobRunShell - Calling execute on job group2.myJob
DEBUG MyScheduler_QuartzSchedulerThread org.quartz.simpl.PropertySettingJobFactory - Producing instance of Job 'group2.myJob', class=com.zkg.thread.MyJob
DEBUG MyScheduler_QuartzSchedulerThread org.quartz.core.QuartzSchedulerThread - batch acquisition of 0 triggers
DEBUG MyScheduler_Worker-3 org.quartz.core.JobRunShell - Calling execute on job group2.myJob
DEBUG MyScheduler_QuartzSchedulerThread org.quartz.core.QuartzSchedulerThread - batch acquisition of 0 triggers
DEBUG MyScheduler_QuartzSchedulerThread org.quartz.core.QuartzSchedulerThread - batch acquisition of 0 triggers
DEBUG MyScheduler_QuartzSchedulerThread org.quartz.core.QuartzSchedulerThread - batch acquisition of 0 triggers
DEBUG MyScheduler_QuartzSchedulerThread org.quartz.core.QuartzSchedulerThread - batch acquisition of 0 triggers
DEBUG MyScheduler_QuartzSchedulerThread org.quartz.core.QuartzSchedulerThread - batch acquisition of 0 triggers
DEBUG MyScheduler_QuartzSchedulerThread org.quartz.core.QuartzSchedulerThread - batch acquisition of 0 triggers
DEBUG MyScheduler_QuartzSchedulerThread org.quartz.core.QuartzSchedulerThread - batch acquisition of 0 triggers
DEBUG MyScheduler_QuartzSchedulerThread org.quartz.core.QuartzSchedulerThread - batch acquisition of 0 triggers
DEBUG MyScheduler_QuartzSchedulerThread org.quartz.core.QuartzSchedulerThread - batch acquisition of 0 triggers
DEBUG MyScheduler_QuartzSchedulerThread org.quartz.core.QuartzSchedulerThread - batch acquisition of 0 triggers
DEBUG MyScheduler_QuartzSchedulerThread org.quartz.core.QuartzSchedulerThread - batch acquisition of 0 triggers
DEBUG MyScheduler_QuartzSchedulerThread org.quartz.core.QuartzSchedulerThread - batch acquisition of 0 triggers
DEBUG MyScheduler_QuartzSchedulerThread org.quartz.core.QuartzSchedulerThread - batch acquisition of 0 triggers
